<?xml version="1.0" encoding="UTF-8"?>
<testng-results total="1" passed="0" failed="0" skipped="1">
  <reporter-output>
  </reporter-output>
  <suite started-at="2024-01-13T12:37:26Z" name="Default suite" finished-at="2024-01-13T12:37:26Z" duration-ms="119">
    <groups>
    </groups>
    <test started-at="2024-01-13T12:37:26Z" name="Default test" finished-at="2024-01-13T12:37:26Z" duration-ms="119">
      <class name="com.bb.tests.RegisterTest">
        <test-method is-config="true" signature="setUp()[pri:0, instance:com.bb.tests.RegisterTest@2e48362c]" started-at="2024-01-13T18:07:19Z" name="setUp" finished-at="2024-01-13T18:07:19Z" duration-ms="0" status="FAIL">
          <exception class="java.lang.NoSuchFieldError">
            <message>
              <![CDATA[VERSION_2_3_29]]>
            </message>
            <full-stacktrace>
              <![CDATA[java.lang.NoSuchFieldError: VERSION_2_3_29
	at com.aventstack.extentreports.reporter.BasicFileReporter.start(BasicFileReporter.java:98)
	at com.aventstack.extentreports.ReportObservable.register(ReportObservable.java:192)
	at java.base/java.util.Spliterators$ArraySpliterator.forEachRemaining(Spliterators.java:992)
	at java.base/java.util.stream.ReferencePipeline$Head.forEach(ReferencePipeline.java:762)
	at com.aventstack.extentreports.ExtentReports.attachReporter(ExtentReports.java:82)
	at com.bb.base.BasePage.invokeBrowser(BasePage.java:28)
	at com.bb.tests.RegisterTest.setUp(RegisterTest.java:14)
	at java.base/jdk.internal.reflect.NativeMethodAccessorImpl.invoke0(Native Method)
	at java.base/jdk.internal.reflect.NativeMethodAccessorImpl.invoke(NativeMethodAccessorImpl.java:77)
	at java.base/jdk.internal.reflect.DelegatingMethodAccessorImpl.invoke(DelegatingMethodAccessorImpl.java:43)
	at java.base/java.lang.reflect.Method.invoke(Method.java:568)
	at org.testng.internal.MethodInvocationHelper.invokeMethod(MethodInvocationHelper.java:80)
	at org.testng.internal.Invoker.invokeConfigurationMethod(Invoker.java:564)
	at org.testng.internal.Invoker.invokeConfigurations(Invoker.java:213)
	at org.testng.internal.Invoker.invokeConfigurations(Invoker.java:138)
	at org.testng.SuiteRunner.privateRun(SuiteRunner.java:277)
	at org.testng.SuiteRunner.run(SuiteRunner.java:240)
	at org.testng.SuiteRunnerWorker.runSuite(SuiteRunnerWorker.java:52)
	at org.testng.SuiteRunnerWorker.run(SuiteRunnerWorker.java:86)
	at org.testng.TestNG.runSuitesSequentially(TestNG.java:1198)
	at org.testng.TestNG.runSuitesLocally(TestNG.java:1123)
	at org.testng.TestNG.run(TestNG.java:1031)
	at org.testng.remote.AbstractRemoteTestNG.run(AbstractRemoteTestNG.java:115)
	at org.testng.remote.RemoteTestNG.initAndRun(RemoteTestNG.java:251)
	at org.testng.remote.RemoteTestNG.main(RemoteTestNG.java:77)
]]>
            </full-stacktrace>
          </exception> <!-- java.lang.NoSuchFieldError -->
          <reporter-output>
          </reporter-output>
        </test-method> <!-- setUp -->
        <test-method signature="verify_the_register_functionality_By_click_on_Resgister_Butoon_without_Entering_The_data()[pri:0, instance:com.bb.tests.RegisterTest@2e48362c]" started-at="2024-01-13T18:07:26Z" name="verify_the_register_functionality_By_click_on_Resgister_Butoon_without_Entering_The_data" finished-at="2024-01-13T18:07:26Z" duration-ms="12" status="SKIP">
          <reporter-output>
          </reporter-output>
        </test-method> <!-- verify_the_register_functionality_By_click_on_Resgister_Butoon_without_Entering_The_data -->
        <test-method is-config="true" signature="closeBrowser()[pri:0, instance:com.bb.tests.RegisterTest@2e48362c]" started-at="2024-01-13T18:07:27Z" name="closeBrowser" finished-at="2024-01-13T18:07:27Z" duration-ms="0" status="SKIP">
          <reporter-output>
          </reporter-output>
        </test-method> <!-- closeBrowser -->
      </class> <!-- com.bb.tests.RegisterTest -->
    </test> <!-- Default test -->
  </suite> <!-- Default suite -->
</testng-results>
