<?xml version="1.0" encoding="UTF-8"?>
<!-- Generated by org.testng.reporters.JUnitXMLReporter -->
<testsuite hostname="srinivasr_pc" failures="0" tests="1" name="Default test" time="0.119" errors="0" timestamp="13 Jan 2024 12:37:27 GMT">
  <testcase classname="com.bb.tests.RegisterTest" name="@BeforeSuite setUp" time="0.0">
    <failure type="java.lang.NoSuchFieldError" message="VERSION_2_3_29">
      <![CDATA[java.lang.NoSuchFieldError: VERSION_2_3_29
	at com.aventstack.extentreports.reporter.BasicFileReporter.start(BasicFileReporter.java:98)
	at com.aventstack.extentreports.ReportObservable.register(ReportObservable.java:192)
	at java.base/java.util.Spliterators$ArraySpliterator.forEachRemaining(Spliterators.java:992)
	at java.base/java.util.stream.ReferencePipeline$Head.forEach(ReferencePipeline.java:762)
	at com.aventstack.extentreports.ExtentReports.attachReporter(ExtentReports.java:82)
	at com.bb.base.BasePage.invokeBrowser(BasePage.java:28)
	at com.bb.tests.RegisterTest.setUp(RegisterTest.java:14)
	at java.base/jdk.internal.reflect.NativeMethodAccessorImpl.invoke0(Native Method)
	at java.base/jdk.internal.reflect.NativeMethodAccessorImpl.invoke(NativeMethodAccessorImpl.java:77)
	at java.base/jdk.internal.reflect.DelegatingMethodAccessorImpl.invoke(DelegatingMethodAccessorImpl.java:43)
	at java.base/java.lang.reflect.Method.invoke(Method.java:568)
	at org.testng.internal.MethodInvocationHelper.invokeMethod(MethodInvocationHelper.java:80)
	at org.testng.internal.Invoker.invokeConfigurationMethod(Invoker.java:564)
	at org.testng.internal.Invoker.invokeConfigurations(Invoker.java:213)
	at org.testng.internal.Invoker.invokeConfigurations(Invoker.java:138)
	at org.testng.SuiteRunner.privateRun(SuiteRunner.java:277)
	at org.testng.SuiteRunner.run(SuiteRunner.java:240)
	at org.testng.SuiteRunnerWorker.runSuite(SuiteRunnerWorker.java:52)
	at org.testng.SuiteRunnerWorker.run(SuiteRunnerWorker.java:86)
	at org.testng.TestNG.runSuitesSequentially(TestNG.java:1198)
	at org.testng.TestNG.runSuitesLocally(TestNG.java:1123)
	at org.testng.TestNG.run(TestNG.java:1031)
	at org.testng.remote.AbstractRemoteTestNG.run(AbstractRemoteTestNG.java:115)
	at org.testng.remote.RemoteTestNG.initAndRun(RemoteTestNG.java:251)
	at org.testng.remote.RemoteTestNG.main(RemoteTestNG.java:77)
]]>
    </failure>
  </testcase> <!-- @BeforeSuite setUp -->
  <testcase classname="com.bb.tests.RegisterTest" name="verify_the_register_functionality_By_click_on_Resgister_Butoon_without_Entering_The_data" time="0.012">
    <skipped/>
  </testcase> <!-- verify_the_register_functionality_By_click_on_Resgister_Butoon_without_Entering_The_data -->
</testsuite> <!-- Default test -->
